#
# There is insufficient memory for the Java Runtime Environment to continue.
# Native memory allocation (mmap) failed to map 134217728 bytes for G1 virtual space
# Possible reasons:
#   The system is out of physical RAM or swap space
#   The process is running with CompressedOops enabled, and the Java Heap may be blocking the growth of the native heap
# Possible solutions:
#   Reduce memory load on the system
#   Increase physical memory or swap space
#   Check if swap backing store is full
#   Decrease Java heap size (-Xmx/-Xms)
#   Decrease number of Java threads
#   Decrease Java thread stack sizes (-Xss)
#   Set larger code cache with -XX:ReservedCodeCacheSize=
#   JVM is running with Unscaled Compressed Oops mode in which the Java heap is
#     placed in the first 4GB address space. The Java Heap base address is the
#     maximum limit for the native heap growth. Please use -XX:HeapBaseMinAddress
#     to set the Java Heap base and to place the Java Heap above 4GB virtual address.
# This output file may be truncated or incomplete.
#
#  Out of Memory Error (os_windows.cpp:3469), pid=2636, tid=3316
#
# JRE version:  (17.0.1+12) (build )
# Java VM: Java HotSpot(TM) 64-Bit Server VM (17.0.1+12-LTS-39, mixed mode, sharing, tiered, compressed oops, compressed class ptrs, g1 gc, windows-amd64)
# No core dump will be written. Minidumps are not enabled by default on client versions of Windows
#

---------------  S U M M A R Y ------------

Command Line: -javaagent:C:\Program Files\JetBrains\IntelliJ IDEA 2021.3\lib\idea_rt.jar=64539:C:\Program Files\JetBrains\IntelliJ IDEA 2021.3\bin -Dfile.encoding=UTF-8 HomeWork15

Host: AMD A10-6800K APU with Radeon(tm) HD Graphics  , 4 cores, 7G,  Windows 7 , 64 bit Build 7601 (6.1.7601.24563)
Time: Tue Dec 14 02:23:08 2021 Финляндия (зима) elapsed time: 0.017697 seconds (0d 0h 0m 0s)

---------------  T H R E A D  ---------------

Current thread (0x0000000000377a90):  JavaThread "Unknown thread" [_thread_in_vm, id=3316, stack(0x0000000001c20000,0x0000000001d20000)]

Stack: [0x0000000001c20000,0x0000000001d20000]
Native frames: (J=compiled Java code, j=interpreted, Vv=VM code, C=native code)
V  [jvm.dll+0x66fa1a]
V  [jvm.dll+0x7ce5a4]
V  [jvm.dll+0x7cfd4e]
V  [jvm.dll+0x7d03b3]
V  [jvm.dll+0x242b05]
V  [jvm.dll+0x66ca39]
V  [jvm.dll+0x661502]
V  [jvm.dll+0x30081b]
V  [jvm.dll+0x307da6]
V  [jvm.dll+0x357a1e]
V  [jvm.dll+0x357c4f]
V  [jvm.dll+0x2d7ad8]
V  [jvm.dll+0x2d8a44]
V  [jvm.dll+0x7a01e1]
V  [jvm.dll+0x365791]
V  [jvm.dll+0x77f6cc]
V  [jvm.dll+0x3e812f]
V  [jvm.dll+0x3e9bd1]
C  [jli.dll+0x527b]
C  [ucrtbase.DLL+0x1d912]
C  [kernel32.dll+0x155dd]
C  [ntdll.dll+0x52b1d]


---------------  P R O C E S S  ---------------

Threads class SMR info:
_java_thread_list=0x000007fed3c17818, length=0, elements={
}

Java Threads: ( => current thread )

Other Threads:
  0x00000000003bcbe0 GCTaskThread "GC Thread#0" [stack: 0x000000001dd10000,0x000000001de10000] [id=3532]
  0x00000000003cfe40 ConcurrentGCThread "G1 Main Marker" [stack: 0x000000001de20000,0x000000001df20000] [id=7636]
  0x00000000003d3320 ConcurrentGCThread "G1 Conc#0" [stack: 0x000000001dfe0000,0x000000001e0e0000] [id=7448]

[error occurred during error reporting (printing all threads), id 0xc0000005, EXCEPTION_ACCESS_VIOLATION (0xc0000005) at pc=0x000007fed34684b7]

VM state: not at safepoint (not fully initialized)

VM Mutex/Monitor currently owned by a thread:  ([mutex/lock_event])
[0x0000000000371e20] Heap_lock - owner thread: 0x0000000000377a90

Heap address: 0x0000000080e00000, size: 2034 MB, Compressed Oops mode: 32-bit

CDS archive(s) mapped at: [0x0000000000000000-0x0000000000000000-0x0000000000000000), size 0, SharedBaseAddress: 0x0000000800000000, ArchiveRelocationMode: 0.
Narrow klass base: 0x0000000000000000, Narrow klass shift: 0, Narrow klass range: 0x0

GC Precious Log:
<Empty>

Heap:
 garbage-first heap   total 0K, used 0K [0x0000000080e00000, 0x0000000100000000)
  region size 1024K, 0 young (0K), 0 survivors (0K)

[error occurred during error reporting (printing heap information), id 0xc0000005, EXCEPTION_ACCESS_VIOLATION (0xc0000005) at pc=0x000007fed3848d89]

GC Heap History (0 events):
No events

Deoptimization events (0 events):
No events

Classes unloaded (0 events):
No events

Classes redefined (0 events):
No events

Internal exceptions (0 events):
No events

VM Operations (0 events):
No events

Events (1 events):
Event: 0.007 Loaded shared library C:\Program Files\Java\jdk-17.0.1\bin\java.dll


Dynamic libraries:
0x000000013fd90000 - 0x000000013fda0000 	C:\Program Files\Java\jdk-17.0.1\bin\java.exe
0x0000000076d90000 - 0x0000000076f2f000 	C:\Windows\SYSTEM32\ntdll.dll
0x0000000076c70000 - 0x0000000076d90000 	C:\Windows\system32\kernel32.dll
0x000007fefcc00000 - 0x000007fefcc67000 	C:\Windows\system32\KERNELBASE.dll
0x000007fef6c60000 - 0x000007fef6c78000 	C:\Program Files\Java\jdk-17.0.1\bin\jli.dll
0x000007fefebd0000 - 0x000007fefecab000 	C:\Windows\system32\ADVAPI32.dll
0x000007fefecb0000 - 0x000007fefed4f000 	C:\Windows\system32\msvcrt.dll
0x000007fefedc0000 - 0x000007fefeddf000 	C:\Windows\SYSTEM32\sechost.dll
0x000007fefe3f0000 - 0x000007fefe51d000 	C:\Windows\system32\RPCRT4.dll
0x000007fefa860000 - 0x000007fefaa55000 	C:\Windows\WinSxS\amd64_microsoft.windows.common-controls_6595b64144ccf1df_6.0.7601.24483_none_e372d88f30fbb845\COMCTL32.dll
0x000007fefed50000 - 0x000007fefedb8000 	C:\Windows\system32\GDI32.dll
0x0000000076b70000 - 0x0000000076c6b000 	C:\Windows\system32\USER32.dll
0x000007fefede0000 - 0x000007fefedee000 	C:\Windows\system32\LPK.dll
0x000007fefee70000 - 0x000007fefef3b000 	C:\Windows\system32\USP10.dll
0x000007fefe520000 - 0x000007fefe591000 	C:\Windows\system32\SHLWAPI.dll
0x000007fefbab0000 - 0x000007fefbabc000 	C:\Windows\system32\VERSION.dll
0x000007fef6aa0000 - 0x000007fef6aba000 	C:\Program Files\Java\jdk-17.0.1\bin\VCRUNTIME140.dll
0x000007fef44b0000 - 0x000007fef44b4000 	C:\Program Files\Java\jdk-17.0.1\bin\api-ms-win-crt-runtime-l1-1-0.dll
0x000007fedc550000 - 0x000007fedc64a000 	C:\Program Files\Java\jdk-17.0.1\bin\ucrtbase.DLL
0x000007fef44c0000 - 0x000007fef44c3000 	C:\Program Files\Java\jdk-17.0.1\bin\api-ms-win-core-localization-l1-2-0.dll
0x000007fef44a0000 - 0x000007fef44a3000 	C:\Program Files\Java\jdk-17.0.1\bin\api-ms-win-core-processthreads-l1-1-1.dll
0x000007fef4200000 - 0x000007fef4203000 	C:\Program Files\Java\jdk-17.0.1\bin\api-ms-win-core-file-l1-2-0.dll
0x000007fef41e0000 - 0x000007fef41e3000 	C:\Program Files\Java\jdk-17.0.1\bin\api-ms-win-core-timezone-l1-1-0.dll
0x000007fef41f0000 - 0x000007fef41f3000 	C:\Program Files\Java\jdk-17.0.1\bin\api-ms-win-core-file-l2-1-0.dll
0x000007fef3850000 - 0x000007fef3853000 	C:\Program Files\Java\jdk-17.0.1\bin\api-ms-win-core-synch-l1-2-0.dll
0x000007fef41d0000 - 0x000007fef41d3000 	C:\Program Files\Java\jdk-17.0.1\bin\api-ms-win-crt-heap-l1-1-0.dll
0x000007fef3830000 - 0x000007fef3834000 	C:\Program Files\Java\jdk-17.0.1\bin\api-ms-win-crt-string-l1-1-0.dll
0x000007fef3840000 - 0x000007fef3844000 	C:\Program Files\Java\jdk-17.0.1\bin\api-ms-win-crt-stdio-l1-1-0.dll
0x000007fef37e0000 - 0x000007fef37e4000 	C:\Program Files\Java\jdk-17.0.1\bin\api-ms-win-crt-convert-l1-1-0.dll
0x000007fef37f0000 - 0x000007fef37f3000 	C:\Program Files\Java\jdk-17.0.1\bin\api-ms-win-crt-environment-l1-1-0.dll
0x000007fef2180000 - 0x000007fef2183000 	C:\Program Files\Java\jdk-17.0.1\bin\api-ms-win-crt-filesystem-l1-1-0.dll
0x000007fef36f0000 - 0x000007fef36f5000 	C:\Program Files\Java\jdk-17.0.1\bin\api-ms-win-crt-math-l1-1-0.dll
0x000007fef2170000 - 0x000007fef2173000 	C:\Program Files\Java\jdk-17.0.1\bin\api-ms-win-crt-locale-l1-1-0.dll
0x000007fefe5a0000 - 0x000007fefe5ce000 	C:\Windows\system32\IMM32.DLL
0x000007fefef40000 - 0x000007feff04b000 	C:\Windows\system32\MSCTF.dll
0x000007fef2080000 - 0x000007fef208c000 	C:\Program Files\Java\jdk-17.0.1\bin\vcruntime140_1.dll
0x000007fedc800000 - 0x000007fedc88d000 	C:\Program Files\Java\jdk-17.0.1\bin\msvcp140.dll
0x000007fef2070000 - 0x000007fef2073000 	C:\Program Files\Java\jdk-17.0.1\bin\api-ms-win-crt-time-l1-1-0.dll
0x000007fef2060000 - 0x000007fef2063000 	C:\Program Files\Java\jdk-17.0.1\bin\api-ms-win-crt-utility-l1-1-0.dll
0x000007fed3180000 - 0x000007fed3d3e000 	C:\Program Files\Java\jdk-17.0.1\bin\server\jvm.dll
0x000007fee9d00000 - 0x000007fee9d09000 	C:\Windows\system32\WSOCK32.dll
0x000007fefe5d0000 - 0x000007fefe61d000 	C:\Windows\system32\WS2_32.dll
0x000007fefe1c0000 - 0x000007fefe1c8000 	C:\Windows\system32\NSI.dll
0x000007fef5e10000 - 0x000007fef5e4b000 	C:\Windows\system32\WINMM.dll
0x0000000076f30000 - 0x0000000076f37000 	C:\Windows\system32\PSAPI.DLL
0x000007fef2050000 - 0x000007fef205a000 	C:\Program Files\Java\jdk-17.0.1\bin\jimage.dll
0x000007fef81e0000 - 0x000007fef8305000 	C:\Windows\system32\DBGHELP.DLL
0x000007fee9900000 - 0x000007fee990e000 	C:\Program Files\Java\jdk-17.0.1\bin\instrument.dll
0x000007fee9860000 - 0x000007fee9885000 	C:\Program Files\Java\jdk-17.0.1\bin\java.dll

dbghelp: loaded successfully - version: 4.0.5 - missing functions: none
symbol engine: initialized successfully - sym options: 0x614 - pdb path: .;C:\Program Files\Java\jdk-17.0.1\bin;C:\Windows\SYSTEM32;C:\Windows\WinSxS\amd64_microsoft.windows.common-controls_6595b64144ccf1df_6.0.7601.24483_none_e372d88f30fbb845;C:\Program Files\Java\jdk-17.0.1\bin\server

VM Arguments:
jvm_args: -javaagent:C:\Program Files\JetBrains\IntelliJ IDEA 2021.3\lib\idea_rt.jar=64539:C:\Program Files\JetBrains\IntelliJ IDEA 2021.3\bin -Dfile.encoding=UTF-8 
java_command: HomeWork15
java_class_path (initial): C:\Users\OM\IdeaProjects\untitled1\out\production\untitled1
Launcher Type: SUN_STANDARD

[Global flags]
     intx CICompilerCount                          = 3                                         {product} {ergonomic}
     uint ConcGCThreads                            = 1                                         {product} {ergonomic}
     uint G1ConcRefinementThreads                  = 4                                         {product} {ergonomic}
   size_t G1HeapRegionSize                         = 1048576                                   {product} {ergonomic}
    uintx GCDrainStackTargetSize                   = 64                                        {product} {ergonomic}
   size_t InitialHeapSize                          = 134217728                                 {product} {ergonomic}
   size_t MarkStackSize                            = 4194304                                   {product} {ergonomic}
   size_t MaxHeapSize                              = 2132803584                                {product} {ergonomic}
   size_t MinHeapDeltaBytes                        = 1048576                                   {product} {ergonomic}
   size_t MinHeapSize                              = 8388608                                   {product} {ergonomic}
    uintx NonNMethodCodeHeapSize                   = 5832780                                {pd product} {ergonomic}
    uintx NonProfiledCodeHeapSize                  = 122912730                              {pd product} {ergonomic}
    uintx ProfiledCodeHeapSize                     = 122912730                              {pd product} {ergonomic}
    uintx ReservedCodeCacheSize                    = 251658240                              {pd product} {ergonomic}
     bool SegmentedCodeCache                       = true                                      {product} {ergonomic}
   size_t SoftMaxHeapSize                          = 2132803584                             {manageable} {ergonomic}
     bool UseCompressedClassPointers               = true                           {product lp64_product} {ergonomic}
     bool UseCompressedOops                        = true                           {product lp64_product} {ergonomic}
     bool UseG1GC                                  = true                                      {product} {ergonomic}
     bool UseLargePagesIndividualAllocation        = false                                  {pd product} {ergonomic}

Logging:
Log output configuration:
 #0: stdout all=warning uptime,level,tags
 #1: stderr all=off uptime,level,tags

Environment Variables:
PATH=C:\Program Files\Common Files\Oracle\Java\javapath;C:\Windows\system32;C:\Windows;C:\Windows\System32\Wbem;C:\Windows\System32\WindowsPowerShell\v1.0\;C:\Program Files (x86)\NVIDIA Corporation\PhysX\Common;C:\Program Files\NVIDIA Corporation\NVIDIA NvDLISR;C:\Program Files (x86)\PICT\;C:\Program Files\Git\cmd;C:\Program Files\Java\jdk-17.0.1\bin;C:\Program Files\apache-maven-3.8.3\bin
USERNAME=OM
OS=Windows_NT
PROCESSOR_IDENTIFIER=AMD64 Family 21 Model 19 Stepping 1, AuthenticAMD



---------------  S Y S T E M  ---------------

OS:
 Windows 7 , 64 bit Build 7601 (6.1.7601.24563)
OS uptime: 1 days 13:25 hours

CPU: total 4 (initial active 4) (4 cores per cpu, 1 threads per core) family 21 model 19 stepping 1 microcode 0x0, cx8, cmov, fxsr, mmx, 3dnowpref, sse, sse2, sse3, ssse3, sse4a, sse4.1, sse4.2, popcnt, lzcnt, tsc, tscinvbit, avx, aes, clmul, bmi1, fma, vzeroupper, clflush

Memory: 4k page, system-wide physical 8132M (2220M free)
TotalPageFile size 10178M (AvailPageFile size 58M)
current process WorkingSet (physical memory assigned to process): 10M, peak: 10M
current process commit charge ("private bytes"): 58M, peak: 184M

vm_info: Java HotSpot(TM) 64-Bit Server VM (17.0.1+12-LTS-39) for windows-amd64 JRE (17.0.1+12-LTS-39), built on Sep 27 2021 18:41:35 by "mach5one" with MS VC++ 16.8 (VS2019)

END.
